Using pre-set license
Built from '2020.2/staging' branch; Version is '2020.2.5f1 (e2c53f129de5) revision 14861631'; Using compiler version '192528614'; Build Type 'Release'
OS: 'Windows 10 Home; OS build 19042.867; Version 2009; 64bit' Language: 'de' Physical Memory: 16245 MB
BatchMode: 1, IsHumanControllingUs: 0, StartBugReporterOnCrash: 0, Is64bit: 1, IsPro: 0

 COMMAND LINE ARGUMENTS:
C:\Program Files\Unity\Hub\Editor\2020.2.5f1\Editor\Unity.exe
-adb2
-batchMode
-noUpm
-name
AssetImportWorker0
-projectPath
E:/New Unity Project
-logFile
Logs/AssetImportWorker0.log
-srvPort
56759
Successfully changed project path to: E:/New Unity Project
E:/New Unity Project
Using Asset Import Pipeline V2.
Refreshing native plugins compatible for Editor in 19.37 ms, found 0 plugins.
Preloading 0 native plugins for Editor in 0.00 ms.
Initialize engine version: 2020.2.5f1 (e2c53f129de5)
[Subsystems] Discovering subsystems at path C:/Program Files/Unity/Hub/Editor/2020.2.5f1/Editor/Data/Resources/UnitySubsystems
[Subsystems] Discovering subsystems at path E:/New Unity Project/Assets
GfxDevice: creating device client; threaded=0
Direct3D:
    Version:  Direct3D 11.0 [level 11.1]
    Renderer: Radeon RX Vega (ID=0x687f)
    Vendor:   
    VRAM:     8120 MB
    Driver:   27.20.14527.2002
Initialize mono
Mono path[0] = 'C:/Program Files/Unity/Hub/Editor/2020.2.5f1/Editor/Data/Managed'
Mono path[1] = 'C:/Program Files/Unity/Hub/Editor/2020.2.5f1/Editor/Data/MonoBleedingEdge/lib/mono/unityjit'
Mono config path = 'C:/Program Files/Unity/Hub/Editor/2020.2.5f1/Editor/Data/MonoBleedingEdge/etc'
Using monoOptions --debugger-agent=transport=dt_socket,embedding=1,server=y,suspend=n,address=127.0.0.1:56468
Begin MonoManager ReloadAssembly
Registering precompiled unity dll's ...
Register platform support module: C:/Program Files/Unity/Hub/Editor/2020.2.5f1/Editor/Data/PlaybackEngines/WindowsStandaloneSupport/UnityEditor.WindowsStandalone.Extensions.dll
Registered in 0.001892 seconds.
Native extension for WindowsStandalone target not found
Refreshing native plugins compatible for Editor in 23.12 ms, found 0 plugins.
Preloading 0 native plugins for Editor in 0.00 ms.
Invoked RoslynAnalysisRunner static constructor.
RoslynAnalysisRunner will not be running.
RoslynAnalysisRunner has terminated.
Mono: successfully reloaded assembly
- Completed reload, in  1.093 seconds
Platform modules already initialized, skipping
Registering precompiled user dll's ...
Registered in 0.000451 seconds.
Begin MonoManager ReloadAssembly
Native extension for WindowsStandalone target not found
Refreshing native plugins compatible for Editor in 0.18 ms, found 0 plugins.
Preloading 0 native plugins for Editor in 0.00 ms.
Invoked RoslynAnalysisRunner static constructor.
RoslynAnalysisRunner will not be running.
RoslynAnalysisRunner has terminated.
Mono: successfully reloaded assembly
- Completed reload, in  0.762 seconds
Platform modules already initialized, skipping
========================================================================
Worker process is ready to serve import requests
Launched and connected shader compiler UnityShaderCompiler.exe after 0.09 seconds
Refreshing native plugins compatible for Editor in 0.18 ms, found 0 plugins.
Preloading 0 native plugins for Editor in 0.00 ms.
Unloading 1108 Unused Serialized files (Serialized files now loaded: 0)
System memory in use before: 58.1 MB.
System memory in use after: 58.1 MB.

Unloading 10 unused Assets to reduce memory usage. Loaded Objects now: 1554.
Total: 1.803300 ms (FindLiveObjects: 0.411100 ms CreateObjectMapping: 0.058100 ms MarkObjects: 1.253800 ms  DeleteObjects: 0.079300 ms)

========================================================================
Received Import Request.
  path: Assets/Material
  artifactKey: Guid(4300cce4bdc96c349a38830c83318019) Importer(815301076,1909f56bfc062723c751e8b465ee728b)
Start importing Assets/Material using Guid(4300cce4bdc96c349a38830c83318019) Importer(815301076,1909f56bfc062723c751e8b465ee728b)  -> (artifact id: '0a7bb507582be71cd9cab3d39975e98e') in 0.021819 seconds
  Import took 0.023380 seconds .

========================================================================
Received Import Request.
  Time since last request: 8.209952 seconds.
  path: Assets/Prefabs
  artifactKey: Guid(6e3650c04089572418a9b8e9e1ba4d62) Importer(815301076,1909f56bfc062723c751e8b465ee728b)
Start importing Assets/Prefabs using Guid(6e3650c04089572418a9b8e9e1ba4d62) Importer(815301076,1909f56bfc062723c751e8b465ee728b)  -> (artifact id: '386b59f8e61c6e728eab1f3ade0540b3') in 0.020590 seconds
  Import took 0.023047 seconds .

========================================================================
Received Import Request.
  Time since last request: 5.603877 seconds.
  path: Assets/House 1.prefab
  artifactKey: Guid(5192784db31a6ea43b6228ea834f1ff0) Importer(815301076,1909f56bfc062723c751e8b465ee728b)
Start importing Assets/House 1.prefab using Guid(5192784db31a6ea43b6228ea834f1ff0) Importer(815301076,1909f56bfc062723c751e8b465ee728b)  -> (artifact id: '9fc63ee6770e7f4b367397cfa85d0d63') in 0.124299 seconds
  Import took 0.126392 seconds .

========================================================================
Received Import Request.
  Time since last request: 0.000157 seconds.
  path: Assets/Platform 1.prefab
  artifactKey: Guid(ae5bfdb8d578d884fa1f658372c78dde) Importer(815301076,1909f56bfc062723c751e8b465ee728b)
Start importing Assets/Platform 1.prefab using Guid(ae5bfdb8d578d884fa1f658372c78dde) Importer(815301076,1909f56bfc062723c751e8b465ee728b)  -> (artifact id: '44ef4ffdcb21a74657faf5217992edeb') in 0.029655 seconds
  Import took 0.031616 seconds .

========================================================================
Received Import Request.
  Time since last request: 0.000155 seconds.
  path: Assets/Leiter 1.prefab
  artifactKey: Guid(4eab861604075504b86db5ecd4e97348) Importer(815301076,1909f56bfc062723c751e8b465ee728b)
Start importing Assets/Leiter 1.prefab using Guid(4eab861604075504b86db5ecd4e97348) Importer(815301076,1909f56bfc062723c751e8b465ee728b)  -> (artifact id: 'ac8d82c6ff2706df25230fdc109945b0') in 0.027843 seconds
  Import took 0.029510 seconds .

========================================================================
Received Import Request.
  Time since last request: 29.735107 seconds.
  path: Assets/Scribts
  artifactKey: Guid(f94ecc1b781195f46861192cc4c8ea66) Importer(815301076,1909f56bfc062723c751e8b465ee728b)
Start importing Assets/Scribts using Guid(f94ecc1b781195f46861192cc4c8ea66) Importer(815301076,1909f56bfc062723c751e8b465ee728b)  -> (artifact id: '45345fc19c566749df999bd3a569d328') in 0.021974 seconds
  Import took 0.023930 seconds .

========================================================================
Received Import Request.
  Time since last request: 1.685978 seconds.
  path: Assets/Contoller.cs
  artifactKey: Guid(fc383083de8c06d44a25431eb5d40300) Importer(815301076,1909f56bfc062723c751e8b465ee728b)
Start importing Assets/Contoller.cs using Guid(fc383083de8c06d44a25431eb5d40300) Importer(815301076,1909f56bfc062723c751e8b465ee728b)  -> (artifact id: 'b04e729d4e771e4aa1a784054c6a2eff') in 0.023179 seconds
  Import took 0.024750 seconds .

========================================================================
Received Import Request.
  Time since last request: 2.169112 seconds.
  path: Assets/GrabObject.cs
  artifactKey: Guid(ab098d743e4da7a4a85e60fe89191416) Importer(815301076,1909f56bfc062723c751e8b465ee728b)
Start importing Assets/GrabObject.cs using Guid(ab098d743e4da7a4a85e60fe89191416) Importer(815301076,1909f56bfc062723c751e8b465ee728b)  -> (artifact id: '299ea5326761bf9922154140198e66ff') in 0.019162 seconds
  Import took 0.020943 seconds .

========================================================================
Received Import Request.
  Time since last request: 1.364625 seconds.
  path: Assets/Shutcontianer.cs
  artifactKey: Guid(ff54d61dc25e6344394ff861b5bfa97c) Importer(815301076,1909f56bfc062723c751e8b465ee728b)
Start importing Assets/Shutcontianer.cs using Guid(ff54d61dc25e6344394ff861b5bfa97c) Importer(815301076,1909f56bfc062723c751e8b465ee728b)  -> (artifact id: '63ef7f7f5078ec59b38eac5a1145a40a') in 0.019220 seconds
  Import took 0.020809 seconds .

========================================================================
Received Import Request.
  Time since last request: 0.296263 seconds.
  path: Assets/PlaceBrett.cs
  artifactKey: Guid(efb3fbd297ca45f4fa9299af64beafd4) Importer(815301076,1909f56bfc062723c751e8b465ee728b)
Start importing Assets/PlaceBrett.cs using Guid(efb3fbd297ca45f4fa9299af64beafd4) Importer(815301076,1909f56bfc062723c751e8b465ee728b)  -> (artifact id: '408b8412ef9c1bbc68d978af88b2a9b4') in 0.019661 seconds
  Import took 0.021231 seconds .

========================================================================
Received Prepare
Registering precompiled user dll's ...
Registered in 0.000460 seconds.
Begin MonoManager ReloadAssembly
Native extension for WindowsStandalone target not found
Refreshing native plugins compatible for Editor in 0.18 ms, found 0 plugins.
Preloading 0 native plugins for Editor in 0.00 ms.
Invoked RoslynAnalysisRunner static constructor.
RoslynAnalysisRunner will not be running.
RoslynAnalysisRunner has terminated.
Mono: successfully reloaded assembly
- Completed reload, in  0.744 seconds
Platform modules already initialized, skipping
Refreshing native plugins compatible for Editor in 0.18 ms, found 0 plugins.
Preloading 0 native plugins for Editor in 0.00 ms.
Unloading 1103 Unused Serialized files (Serialized files now loaded: 0)
System memory in use before: 61.2 MB.
System memory in use after: 61.3 MB.

Unloading 6 unused Assets to reduce memory usage. Loaded Objects now: 1564.
Total: 3.027400 ms (FindLiveObjects: 0.702200 ms CreateObjectMapping: 0.079400 ms MarkObjects: 2.193500 ms  DeleteObjects: 0.050700 ms)

========================================================================
Received Import Request.
  Time since last request: 13.690568 seconds.
  path: Assets/Animation
  artifactKey: Guid(78fca1fbfb8ccec4783d12c4e5c9b8c9) Importer(815301076,1909f56bfc062723c751e8b465ee728b)
Start importing Assets/Animation using Guid(78fca1fbfb8ccec4783d12c4e5c9b8c9) Importer(815301076,1909f56bfc062723c751e8b465ee728b)  -> (artifact id: '3ceb4ea7483a2cf3f1476b1739a50713') in 0.021024 seconds
  Import took 0.023648 seconds .

========================================================================
Received Import Request.
  Time since last request: 1.540270 seconds.
  path: Assets/Brett.controller
  artifactKey: Guid(b76a79fb76d183248bd920fcaba17bfc) Importer(815301076,1909f56bfc062723c751e8b465ee728b)
Start importing Assets/Brett.controller using Guid(b76a79fb76d183248bd920fcaba17bfc) Importer(815301076,1909f56bfc062723c751e8b465ee728b)  -> (artifact id: '1e1a5124c4b22cb04c5106d1883e8510') in 0.031073 seconds
  Import took 0.032725 seconds .

========================================================================
Received Import Request.
  Time since last request: 46.090486 seconds.
  path: Packages/com.unity.ext.nunit
  artifactKey: Guid(25a477c2f24db8778a4179421a32cc21) Importer(815301076,1909f56bfc062723c751e8b465ee728b)
Start importing Packages/com.unity.ext.nunit using Guid(25a477c2f24db8778a4179421a32cc21) Importer(815301076,1909f56bfc062723c751e8b465ee728b)  -> (artifact id: '0b7440a8128072258c844f308973f272') in 0.019554 seconds
  Import took 0.022717 seconds .

========================================================================
Received Import Request.
  Time since last request: 0.030366 seconds.
  path: Packages/com.unity.ext.nunit/package.json
  artifactKey: Guid(8143d3a8390f2c64685e3bc272bd9e90) Importer(815301076,1909f56bfc062723c751e8b465ee728b)
Start importing Packages/com.unity.ext.nunit/package.json using Guid(8143d3a8390f2c64685e3bc272bd9e90) Importer(815301076,1909f56bfc062723c751e8b465ee728b)  -> (artifact id: 'ec9956b26113341db897bfb485727b6c') in 0.020941 seconds
  Import took 0.022692 seconds .

========================================================================
Received Prepare
Registering precompiled user dll's ...
Registered in 0.000445 seconds.
Begin MonoManager ReloadAssembly
Native extension for WindowsStandalone target not found
Refreshing native plugins compatible for Editor in 0.26 ms, found 0 plugins.
Preloading 0 native plugins for Editor in 0.00 ms.
Invoked RoslynAnalysisRunner static constructor.
RoslynAnalysisRunner will not be running.
RoslynAnalysisRunner has terminated.
Mono: successfully reloaded assembly
- Completed reload, in  0.752 seconds
Platform modules already initialized, skipping
Refreshing native plugins compatible for Editor in 0.18 ms, found 0 plugins.
Preloading 0 native plugins for Editor in 0.00 ms.
Unloading 1103 Unused Serialized files (Serialized files now loaded: 0)
System memory in use before: 61.2 MB.
System memory in use after: 61.3 MB.

Unloading 5 unused Assets to reduce memory usage. Loaded Objects now: 1566.
Total: 2.000700 ms (FindLiveObjects: 0.127600 ms CreateObjectMapping: 0.035700 ms MarkObjects: 1.785100 ms  DeleteObjects: 0.050500 ms)

AssetImportWorkerClient::OnTransportError - code=2 error=End of file
